[1m[34m[*][0m Processing postgres_scan.rc for ERB directives.
resource (postgres_scan.rc)> use uxiliary/scanner/postgres/postgres_login
[0m
Matching Modules
================

   #  Name                                       Disclosure Date  Rank    Check  Description
   -  ----                                       ---------------  ----    -----  -----------
   0  a[45muxiliary/scanner/postgres/postgres_login[0m  .                normal  No     PostgreSQL Login Utility


Interact with a module by name or index. For example [32minfo 0[0m, [32muse 0[0m or [32muse auxiliary/scanner/postgres/postgres_login[0m

[1m[34m[*][0m Using auxiliary/scanner/postgres/postgres_login
[1m[34m[*][0m New in Metasploit 6.4 - The [32mCreateSession[0m option within this module can open an interactive session
resource (postgres_scan.rc)> set RHOSTS localhost
[0mRHOSTS => localhost
resource (postgres_scan.rc)> set RPORT 5432
[0mRPORT => 5432
resource (postgres_scan.rc)> set USERNAME testuser
[0mUSERNAME => testuser
resource (postgres_scan.rc)> set PASSWORD 1234
[0mPASSWORD => 1234
resource (postgres_scan.rc)> run
[0m[1m[33m[!][0m No active DB -- Credential data will not be saved!
[1m[32m[+][0m 127.0.0.1:5432 - Login Successful: testuser:1234@template1
[1m[31m[-][0m 127.0.0.1:5432 - LOGIN FAILED: :1234@template1 (Incorrect: FATAL	VFATAL	C28000	Mno PostgreSQL user name specified in startup packet	Fpostmaster.c	L2270	RProcessStartupPacket)
[1m[31m[-][0m 127.0.0.1:5432 - LOGIN FAILED: :@template1 (Incorrect: FATAL	VFATAL	C28000	Mno PostgreSQL user name specified in startup packet	Fpostmaster.c	L2270	RProcessStartupPacket)
[1m[31m[-][0m 127.0.0.1:5432 - LOGIN FAILED: :tiger@template1 (Incorrect: FATAL	VFATAL	C28000	Mno PostgreSQL user name specified in startup packet	Fpostmaster.c	L2270	RProcessStartupPacket)
[1m[31m[-][0m 127.0.0.1:5432 - LOGIN FAILED: :postgres@template1 (Incorrect: FATAL	VFATAL	C28000	Mno PostgreSQL user name specified in startup packet	Fpostmaster.c	L2270	RProcessStartupPacket)
[1m[31m[-][0m 127.0.0.1:5432 - LOGIN FAILED: :password@template1 (Incorrect: FATAL	VFATAL	C28000	Mno PostgreSQL user name specified in startup packet	Fpostmaster.c	L2270	RProcessStartupPacket)
[1m[31m[-][0m 127.0.0.1:5432 - LOGIN FAILED: :admin@template1 (Incorrect: FATAL	VFATAL	C28000	Mno PostgreSQL user name specified in startup packet	Fpostmaster.c	L2270	RProcessStartupPacket)
[1m[32m[+][0m 127.0.0.1:5432 - Login Successful: postgres:1234@template1
[1m[31m[-][0m 127.0.0.1:5432 - LOGIN FAILED: scott:1234@template1 (Incorrect: FATAL	VFATAL	C28P01	Mpassword authentication failed for user "scott"	Fauth.c	L323	Rauth_failed)
[1m[31m[-][0m 127.0.0.1:5432 - LOGIN FAILED: scott:@template1 (Incorrect: FATAL	VFATAL	C28P01	Mpassword authentication failed for user "scott"	Fauth.c	L323	Rauth_failed)
[1m[31m[-][0m 127.0.0.1:5432 - LOGIN FAILED: scott:tiger@template1 (Incorrect: FATAL	VFATAL	C28P01	Mpassword authentication failed for user "scott"	Fauth.c	L323	Rauth_failed)
[1m[31m[-][0m 127.0.0.1:5432 - LOGIN FAILED: scott:postgres@template1 (Incorrect: FATAL	VFATAL	C28P01	Mpassword authentication failed for user "scott"	Fauth.c	L323	Rauth_failed)
[1m[31m[-][0m 127.0.0.1:5432 - LOGIN FAILED: scott:password@template1 (Incorrect: FATAL	VFATAL	C28P01	Mpassword authentication failed for user "scott"	Fauth.c	L323	Rauth_failed)
[1m[31m[-][0m 127.0.0.1:5432 - LOGIN FAILED: scott:admin@template1 (Incorrect: FATAL	VFATAL	C28P01	Mpassword authentication failed for user "scott"	Fauth.c	L323	Rauth_failed)
[1m[31m[-][0m 127.0.0.1:5432 - LOGIN FAILED: admin:1234@template1 (Incorrect: FATAL	VFATAL	C28P01	Mpassword authentication failed for user "admin"	Fauth.c	L323	Rauth_failed)
[1m[31m[-][0m 127.0.0.1:5432 - LOGIN FAILED: admin:@template1 (Incorrect: FATAL	VFATAL	C28P01	Mpassword authentication failed for user "admin"	Fauth.c	L323	Rauth_failed)
[1m[31m[-][0m 127.0.0.1:5432 - LOGIN FAILED: admin:tiger@template1 (Incorrect: FATAL	VFATAL	C28P01	Mpassword authentication failed for user "admin"	Fauth.c	L323	Rauth_failed)
[1m[31m[-][0m 127.0.0.1:5432 - LOGIN FAILED: admin:postgres@template1 (Incorrect: FATAL	VFATAL	C28P01	Mpassword authentication failed for user "admin"	Fauth.c	L323	Rauth_failed)
[1m[31m[-][0m 127.0.0.1:5432 - LOGIN FAILED: admin:password@template1 (Incorrect: FATAL	VFATAL	C28P01	Mpassword authentication failed for user "admin"	Fauth.c	L323	Rauth_failed)
[1m[31m[-][0m 127.0.0.1:5432 - LOGIN FAILED: admin:admin@template1 (Incorrect: FATAL	VFATAL	C28P01	Mpassword authentication failed for user "admin"	Fauth.c	L323	Rauth_failed)
[1m[31m[-][0m 127.0.0.1:5432 - LOGIN FAILED: admin:admin@template1 (Incorrect: FATAL	VFATAL	C28P01	Mpassword authentication failed for user "admin"	Fauth.c	L323	Rauth_failed)
[1m[31m[-][0m 127.0.0.1:5432 - LOGIN FAILED: admin:password@template1 (Incorrect: FATAL	VFATAL	C28P01	Mpassword authentication failed for user "admin"	Fauth.c	L323	Rauth_failed)
[1m[34m[*][0m Scanned 1 of 2 hosts (50% complete)
[1m[33m[!][0m No active DB -- Credential data will not be saved!
[1m[32m[+][0m ::1:5432 - Login Successful: testuser:1234@template1
[1m[31m[-][0m ::1:5432 - LOGIN FAILED: :1234@template1 (Incorrect: FATAL	VFATAL	C28000	Mno PostgreSQL user name specified in startup packet	Fpostmaster.c	L2270	RProcessStartupPacket)
[1m[31m[-][0m ::1:5432 - LOGIN FAILED: :@template1 (Incorrect: FATAL	VFATAL	C28000	Mno PostgreSQL user name specified in startup packet	Fpostmaster.c	L2270	RProcessStartupPacket)
[1m[31m[-][0m ::1:5432 - LOGIN FAILED: :tiger@template1 (Incorrect: FATAL	VFATAL	C28000	Mno PostgreSQL user name specified in startup packet	Fpostmaster.c	L2270	RProcessStartupPacket)
[1m[31m[-][0m ::1:5432 - LOGIN FAILED: :postgres@template1 (Incorrect: FATAL	VFATAL	C28000	Mno PostgreSQL user name specified in startup packet	Fpostmaster.c	L2270	RProcessStartupPacket)
[1m[31m[-][0m ::1:5432 - LOGIN FAILED: :password@template1 (Incorrect: FATAL	VFATAL	C28000	Mno PostgreSQL user name specified in startup packet	Fpostmaster.c	L2270	RProcessStartupPacket)
[1m[31m[-][0m ::1:5432 - LOGIN FAILED: :admin@template1 (Incorrect: FATAL	VFATAL	C28000	Mno PostgreSQL user name specified in startup packet	Fpostmaster.c	L2270	RProcessStartupPacket)
[1m[32m[+][0m ::1:5432 - Login Successful: postgres:1234@template1
[1m[31m[-][0m ::1:5432 - LOGIN FAILED: scott:1234@template1 (Incorrect: FATAL	VFATAL	C28P01	Mpassword authentication failed for user "scott"	Fauth.c	L323	Rauth_failed)
[1m[31m[-][0m ::1:5432 - LOGIN FAILED: scott:@template1 (Incorrect: FATAL	VFATAL	C28P01	Mpassword authentication failed for user "scott"	Fauth.c	L323	Rauth_failed)
[1m[31m[-][0m ::1:5432 - LOGIN FAILED: scott:tiger@template1 (Incorrect: FATAL	VFATAL	C28P01	Mpassword authentication failed for user "scott"	Fauth.c	L323	Rauth_failed)
[1m[31m[-][0m ::1:5432 - LOGIN FAILED: scott:postgres@template1 (Incorrect: FATAL	VFATAL	C28P01	Mpassword authentication failed for user "scott"	Fauth.c	L323	Rauth_failed)
[1m[31m[-][0m ::1:5432 - LOGIN FAILED: scott:password@template1 (Incorrect: FATAL	VFATAL	C28P01	Mpassword authentication failed for user "scott"	Fauth.c	L323	Rauth_failed)
[1m[31m[-][0m ::1:5432 - LOGIN FAILED: scott:admin@template1 (Incorrect: FATAL	VFATAL	C28P01	Mpassword authentication failed for user "scott"	Fauth.c	L323	Rauth_failed)
[1m[31m[-][0m ::1:5432 - LOGIN FAILED: admin:1234@template1 (Incorrect: FATAL	VFATAL	C28P01	Mpassword authentication failed for user "admin"	Fauth.c	L323	Rauth_failed)
[1m[31m[-][0m ::1:5432 - LOGIN FAILED: admin:@template1 (Incorrect: FATAL	VFATAL	C28P01	Mpassword authentication failed for user "admin"	Fauth.c	L323	Rauth_failed)
[1m[31m[-][0m ::1:5432 - LOGIN FAILED: admin:tiger@template1 (Incorrect: FATAL	VFATAL	C28P01	Mpassword authentication failed for user "admin"	Fauth.c	L323	Rauth_failed)
[1m[31m[-][0m ::1:5432 - LOGIN FAILED: admin:postgres@template1 (Incorrect: FATAL	VFATAL	C28P01	Mpassword authentication failed for user "admin"	Fauth.c	L323	Rauth_failed)
[1m[31m[-][0m ::1:5432 - LOGIN FAILED: admin:password@template1 (Incorrect: FATAL	VFATAL	C28P01	Mpassword authentication failed for user "admin"	Fauth.c	L323	Rauth_failed)
[1m[31m[-][0m ::1:5432 - LOGIN FAILED: admin:admin@template1 (Incorrect: FATAL	VFATAL	C28P01	Mpassword authentication failed for user "admin"	Fauth.c	L323	Rauth_failed)
[1m[31m[-][0m ::1:5432 - LOGIN FAILED: admin:admin@template1 (Incorrect: FATAL	VFATAL	C28P01	Mpassword authentication failed for user "admin"	Fauth.c	L323	Rauth_failed)
[1m[31m[-][0m ::1:5432 - LOGIN FAILED: admin:password@template1 (Incorrect: FATAL	VFATAL	C28P01	Mpassword authentication failed for user "admin"	Fauth.c	L323	Rauth_failed)
[1m[34m[*][0m Scanned 2 of 2 hosts (100% complete)
[1m[34m[*][0m Bruteforce completed, 4 credentials were successful.
[1m[34m[*][0m You can open a Postgres session with these credentials and [32mCreateSession[0m set to true
[1m[34m[*][0m Auxiliary module execution completed
resource (postgres_scan.rc)> use auxiliary/scanner/postgres/postgres_version
[0m[1m[34m[*][0m New in Metasploit 6.4 - This module can target a [32mSESSION[0m or an [32mRHOST[0m
resource (postgres_scan.rc)> set RHOSTS localhost
[0mRHOSTS => localhost
resource (postgres_scan.rc)> set RPORT 5432
[0mRPORT => 5432
resource (postgres_scan.rc)> set USERNAME testuser
[0mUSERNAME => testuser
resource (postgres_scan.rc)> set PASSWORD 1234
[0mPASSWORD => 1234
resource (postgres_scan.rc)> run
[0m[1m[34m[*][0m 127.0.0.1:5432 Postgres - Version PostgreSQL 16.3 on x86_64-redhat-linux-gnu, compiled by gcc (GCC) 14.1.1 20240522 (Red Hat 14.1.1-4), 64-bit (Post-Auth)
[1m[34m[*][0m Scanned 1 of 2 hosts (50% complete)
[1m[34m[*][0m ::1:5432 Postgres - Version PostgreSQL 16.3 on x86_64-redhat-linux-gnu, compiled by gcc (GCC) 14.1.1 20240522 (Red Hat 14.1.1-4), 64-bit (Post-Auth)
[1m[34m[*][0m Scanned 2 of 2 hosts (100% complete)
[1m[34m[*][0m Auxiliary module execution completed
resource (postgres_scan.rc)> use auxiliary/scanner/postgres/postgres_hashdump
[0m[1m[34m[*][0m New in Metasploit 6.4 - This module can target a [32mSESSION[0m or an [32mRHOST[0m
resource (postgres_scan.rc)> set RHOSTS localhost
[0mRHOSTS => localhost
resource (postgres_scan.rc)> set RPORT 5432
[0mRPORT => 5432
resource (postgres_scan.rc)> set USERNAME testuser
[0mUSERNAME => testuser
resource (postgres_scan.rc)> set PASSWORD 1234
[0mPASSWORD => 1234
resource (postgres_scan.rc)> run
[0m[1m[31m[-][0m 127.0.0.1:5432 Postgres - VERROR SQL statement 'SELECT usename, passwd FROM pg_shadow' returns #<RuntimeError: ERROR	VERROR	C42501	Mpermission denied for view pg_shadow	Faclchk.c	L2807	Raclcheck_error>
[1m[34m[*][0m Scanned 1 of 2 hosts (50% complete)
[1m[31m[-][0m ::1:5432 Postgres - VERROR SQL statement 'SELECT usename, passwd FROM pg_shadow' returns #<RuntimeError: ERROR	VERROR	C42501	Mpermission denied for view pg_shadow	Faclchk.c	L2807	Raclcheck_error>
[1m[34m[*][0m Scanned 2 of 2 hosts (100% complete)
[1m[34m[*][0m Auxiliary module execution completed
resource (postgres_scan.rc)> use auxiliary/admin/postgres/postgres_readfile
[0m[1m[34m[*][0m New in Metasploit 6.4 - This module can target a [32mSESSION[0m or an [32mRHOST[0m
resource (postgres_scan.rc)> set RHOSTS localhost
[0mRHOSTS => localhost
resource (postgres_scan.rc)> set RPORT 5432
[0mRPORT => 5432
resource (postgres_scan.rc)> set USERNAME testuser
[0mUSERNAME => testuser
resource (postgres_scan.rc)> set PASSWORD 1234
[0mPASSWORD => 1234
resource (postgres_scan.rc)> run
[0m[1m[34m[*][0m Running module against 127.0.0.1
[1m[31m[-][0m 127.0.0.1:5432 Postgres - VERROR SQL statement 'CREATE TEMP TABLE wMpGCLnWH (INPUT TEXT);
      COPY wMpGCLnWH FROM '/etc/passwd';
      SELECT * FROM wMpGCLnWH' returns #<RuntimeError: ERROR	VERROR	C42501	Mpermission denied to COPY from a file	DOnly roles with privileges of the "pg_read_server_files" role may COPY from a file.	HAnyone can COPY to stdout or from stdin. psql's \copy command also works for anyone.	Fcopy.c	L95	RDoCopy>
[1m[34m[*][0m Running module against ::1
[1m[31m[-][0m ::1:5432 Postgres - VERROR SQL statement 'CREATE TEMP TABLE ECSqTuN (INPUT TEXT);
      COPY ECSqTuN FROM '/etc/passwd';
      SELECT * FROM ECSqTuN' returns #<RuntimeError: ERROR	VERROR	C42501	Mpermission denied to COPY from a file	DOnly roles with privileges of the "pg_read_server_files" role may COPY from a file.	HAnyone can COPY to stdout or from stdin. psql's \copy command also works for anyone.	Fcopy.c	L95	RDoCopy>
[1m[34m[*][0m Auxiliary module execution completed
resource (postgres_scan.rc)> use auxiliary/admin/postgres/postgres_sql
[0m[1m[34m[*][0m New in Metasploit 6.4 - This module can target a [32mSESSION[0m or an [32mRHOST[0m
resource (postgres_scan.rc)> set RHOSTS localhost
[0mRHOSTS => localhost
resource (postgres_scan.rc)> set RPORT 5432
[0mRPORT => 5432
resource (postgres_scan.rc)> set USERNAME testuser
[0mUSERNAME => testuser
resource (postgres_scan.rc)> set PASSWORD 1234
[0mPASSWORD => 1234
resource (postgres_scan.rc)> run
[0m[1m[34m[*][0m Running module against 127.0.0.1
Query Text: 'select version()'
==============================

    version
    -------
    PostgreSQL 16.3 on x86_64-redhat-linux-gnu, compiled by gcc (GCC) 14.1.1 20240522 (Red Hat 14.1.1-4), 64-bit

[1m[34m[*][0m Running module against ::1
Query Text: 'select version()'
==============================

    version
    -------
    PostgreSQL 16.3 on x86_64-redhat-linux-gnu, compiled by gcc (GCC) 14.1.1 20240522 (Red Hat 14.1.1-4), 64-bit

[1m[34m[*][0m Auxiliary module execution completed
resource (postgres_scan.rc)> use auxiliary/admin/postgres/postgres_schema_dump
[0m[1m[31m[-][0m No results from search
[1m[31m[-][0m Failed to load module: auxiliary/admin/postgres/postgres_schema_dump
resource (postgres_scan.rc)> set RHOSTS localhost
[0mRHOSTS => localhost
resource (postgres_scan.rc)> set RPORT 5432
[0mRPORT => 5432
resource (postgres_scan.rc)> set USERNAME testuser
[0mUSERNAME => testuser
resource (postgres_scan.rc)> set PASSWORD 1234
[0mPASSWORD => 1234
resource (postgres_scan.rc)> run
[0m[1m[34m[*][0m Running module against 127.0.0.1
Query Text: 'select version()'
==============================

    version
    -------
    PostgreSQL 16.3 on x86_64-redhat-linux-gnu, compiled by gcc (GCC) 14.1.1 20240522 (Red Hat 14.1.1-4), 64-bit

[1m[34m[*][0m Running module against ::1
Query Text: 'select version()'
==============================

    version
    -------
    PostgreSQL 16.3 on x86_64-redhat-linux-gnu, compiled by gcc (GCC) 14.1.1 20240522 (Red Hat 14.1.1-4), 64-bit

[1m[34m[*][0m Auxiliary module execution completed
resource (postgres_scan.rc)> use auxiliary/scanner/postgres/postgres_dbname_flag_injection
[0mresource (postgres_scan.rc)> set RHOSTS localhost
[0mRHOSTS => localhost
resource (postgres_scan.rc)> set RPORT 5432
[0mRPORT => 5432
resource (postgres_scan.rc)> set USERNAME testuser
[0m[1m[33m[!][0m Unknown datastore option: USERNAME.
USERNAME => testuser
resource (postgres_scan.rc)> set PASSWORD 1234
[0m[1m[33m[!][0m Unknown datastore option: PASSWORD.
PASSWORD => 1234
resource (postgres_scan.rc)> run
[0m[1m[34m[*][0m 127.0.0.1:5432        - 127.0.0.1:5432 does not appear to be vulnerable to CVE-2013-1899
[1m[34m[*][0m localhost:5432        - Scanned 1 of 2 hosts (50% complete)
[1m[34m[*][0m ::1:5432              - ::1:5432 does not appear to be vulnerable to CVE-2013-1899
[1m[34m[*][0m localhost:5432        - Scanned 2 of 2 hosts (100% complete)
[1m[34m[*][0m Auxiliary module execution completed
resource (postgres_scan.rc)> use auxiliary/scanner/postgres/postgres_bypass
[0m[1m[31m[-][0m No results from search
[1m[31m[-][0m Failed to load module: auxiliary/scanner/postgres/postgres_bypass
resource (postgres_scan.rc)> set RHOSTS localhost
[0mRHOSTS => localhost
resource (postgres_scan.rc)> set RPORT 5432
[0mRPORT => 5432
resource (postgres_scan.rc)> set USERNAME testuser
[0mUSERNAME => testuser
resource (postgres_scan.rc)> set PASSWORD 1234
[0mPASSWORD => 1234
resource (postgres_scan.rc)> run
[0m[1m[34m[*][0m 127.0.0.1:5432        - 127.0.0.1:5432 does not appear to be vulnerable to CVE-2013-1899
[1m[34m[*][0m localhost:5432        - Scanned 1 of 2 hosts (50% complete)
[1m[34m[*][0m ::1:5432              - ::1:5432 does not appear to be vulnerable to CVE-2013-1899
[1m[34m[*][0m localhost:5432        - Scanned 2 of 2 hosts (100% complete)
[1m[34m[*][0m Auxiliary module execution completed
resource (postgres_scan.rc)> exit
[0mScan completed at Thu 21 Nov 2024 11:28:08 AM EST
